<?xml version="1.0" encoding="UTF-8"?>
<!-- Generated by org.testng.reporters.JUnitReportReporter -->
<testsuite hostname="BOM-5CG1085LY2" failures="0" tests="2" name="com.amazon.Hawk.TestSuites.LocalizationTestSuite" time="21.312" errors="0" timestamp="2023-11-26T14:57:50 IST" skipped="0">
  <testcase classname="com.amazon.Hawk.TestSuites.LocalizationTestSuite" name="checkINRCurrencySymbol" time="13.154"/>
  <system-out/>
  <testcase classname="com.amazon.Hawk.TestSuites.LocalizationTestSuite" name="checkUSDCurrencySymbol" time="8.158"/>
  <system-out/>
</testsuite> <!-- com.amazon.Hawk.TestSuites.LocalizationTestSuite -->
