<?xml version="1.0" encoding="UTF-8"?>
<!-- Generated by org.testng.reporters.JUnitReportReporter -->
<testsuite hostname="BOM-5CG1085LY2" failures="0" tests="5" name="com.amazon.Hawk.TestSuites.DbTestSuite" time="0.215" errors="0" timestamp="2023-11-30T11:24:38 IST" skipped="2">
  <testcase classname="com.amazon.Hawk.TestSuites.DbTestSuite" name="verifyMostSoldProduct" time="0.019"/>
  <system-out/>
  <testcase classname="com.amazon.Hawk.TestSuites.DbTestSuite" name="findMaxPriceProduct" time="0.015"/>
  <system-out/>
  <testcase classname="com.amazon.Hawk.TestSuites.DbTestSuite" name="findDuplicates" time="0.181"/>
  <system-out/>
  <testcase classname="com.amazon.Hawk.TestSuites.DbTestSuite" name="createTables">
    <skipped/>
  </testcase> <!-- createTables -->
  <system-out/>
  <testcase classname="com.amazon.Hawk.TestSuites.DbTestSuite" name="insertData">
    <skipped/>
  </testcase> <!-- insertData -->
  <system-out/>
</testsuite> <!-- com.amazon.Hawk.TestSuites.DbTestSuite -->
