<?xml version="1.0" encoding="UTF-8"?>
<!-- Generated by org.testng.reporters.JUnitReportReporter -->
<testsuite hostname="BOM-5CG1085LY2" failures="0" tests="12" name="com.amazon.Hawk.TestSuites.SearchTestSuite" time="226.574" errors="0" timestamp="2023-11-26T14:57:50 IST" skipped="0">
  <testcase classname="com.amazon.Hawk.TestSuites.SearchTestSuite" name="search_products_with_login" time="23.365"/>
  <system-out/>
  <testcase classname="com.amazon.Hawk.TestSuites.SearchTestSuite" name="search_products_without_login" time="16.762"/>
  <system-out/>
  <testcase classname="com.amazon.Hawk.TestSuites.SearchTestSuite" name="search_products_with_login" time="18.733"/>
  <system-out/>
  <testcase classname="com.amazon.Hawk.TestSuites.SearchTestSuite" name="search_products_with_login" time="25.071"/>
  <system-out/>
  <testcase classname="com.amazon.Hawk.TestSuites.SearchTestSuite" name="search_products_without_login" time="16.698"/>
  <system-out/>
  <testcase classname="com.amazon.Hawk.TestSuites.SearchTestSuite" name="search_products_with_login" time="22.765"/>
  <system-out/>
  <testcase classname="com.amazon.Hawk.TestSuites.SearchTestSuite" name="search_products_without_login" time="13.206"/>
  <system-out/>
  <testcase classname="com.amazon.Hawk.TestSuites.SearchTestSuite" name="search_products_without_login" time="16.705"/>
  <system-out/>
  <testcase classname="com.amazon.Hawk.TestSuites.SearchTestSuite" name="search_products_with_login" time="18.753"/>
  <system-out/>
  <testcase classname="com.amazon.Hawk.TestSuites.SearchTestSuite" name="search_products_without_login" time="19.689"/>
  <system-out/>
  <testcase classname="com.amazon.Hawk.TestSuites.SearchTestSuite" name="search_products_with_login" time="18.155"/>
  <system-out/>
  <testcase classname="com.amazon.Hawk.TestSuites.SearchTestSuite" name="search_products_without_login" time="16.672"/>
  <system-out/>
</testsuite> <!-- com.amazon.Hawk.TestSuites.SearchTestSuite -->
