<?xml version="1.0" encoding="UTF-8"?>
<!-- Generated by org.testng.reporters.JUnitReportReporter -->
<testsuite hostname="BOM-5CG1085LY2" failures="0" tests="2" name="com.amazon.Hawk.TestSuites.LoginTestSuite" time="61.050" errors="0" timestamp="2023-12-03T01:05:08 IST" skipped="0">
  <testcase classname="com.amazon.Hawk.TestSuites.LoginTestSuite" name="login_with_correct_credentials" time="35.926"/>
  <system-out>
    <![CDATA[<br><img src='C:\Users\gowthrj\eclipse-workspace\Hawk\src\test\resources\Screenshots\login_with_correct_credentials1701545704823.png' height='300' width='400'/><br>]]>
  </system-out>
  <testcase classname="com.amazon.Hawk.TestSuites.LoginTestSuite" name="login_with_correct_credentials" time="25.124"/>
  <system-out>
    <![CDATA[<br><img src='C:\Users\gowthrj\eclipse-workspace\Hawk\src\test\resources\Screenshots\login_with_correct_credentials1701545666970.png' height='300' width='400'/><br>]]>
  </system-out>
</testsuite> <!-- com.amazon.Hawk.TestSuites.LoginTestSuite -->
