<?xml version="1.0" encoding="UTF-8"?>
<!-- Generated by org.testng.reporters.JUnitReportReporter -->
<testsuite hostname="BOM-5CG1085LY2" failures="0" tests="6" name="com.amazon.Hawk.TestSuites.LoginTestSuite" time="102.526" errors="0" timestamp="2023-11-26T14:57:50 IST" skipped="0">
  <testcase classname="com.amazon.Hawk.TestSuites.LoginTestSuite" name="login_with_incorrect_email" time="9.324"/>
  <system-out/>
  <testcase classname="com.amazon.Hawk.TestSuites.LoginTestSuite" name="login_with_correct_credentials" time="28.070"/>
  <system-out/>
  <testcase classname="com.amazon.Hawk.TestSuites.LoginTestSuite" name="login_with_incorrect_password" time="13.175"/>
  <system-out/>
  <testcase classname="com.amazon.Hawk.TestSuites.LoginTestSuite" name="login_with_correct_credentials" time="20.364"/>
  <system-out/>
  <testcase classname="com.amazon.Hawk.TestSuites.LoginTestSuite" name="login_with_incorrect_password" time="18.198"/>
  <system-out>
    <![CDATA[<br><img src='C:\Users\gowthrj\eclipse-workspace\Hawk\src\test\resources\Screenshots\login_with_incorrect_password1700990834431.png' height='300' width='400'/><br>]]>
  </system-out>
  <testcase classname="com.amazon.Hawk.TestSuites.LoginTestSuite" name="login_with_incorrect_email" time="13.395"/>
  <system-out/>
</testsuite> <!-- com.amazon.Hawk.TestSuites.LoginTestSuite -->
